Linting web package...
cd web && npm run lint

> nodetool@0.6.3-rc.47 lint
> eslint src

Linting electron package...
cd electron && npm run lint

> nodetool-electron@0.6.3-rc.47 lint
> eslint .


Oops! Something went wrong! :(

ESLint: 10.1.0

Error [ERR_MODULE_NOT_FOUND]: Cannot find package '@eslint/js' imported from /home/runner/work/nodetool/nodetool/electron/eslint.config.mjs
    at packageResolve (node:internal/modules/esm/resolve:873:9)
    at moduleResolve (node:internal/modules/esm/resolve:946:18)
    at defaultResolve (node:internal/modules/esm/resolve:1188:11)
    at ModuleLoader.defaultResolve (node:internal/modules/esm/loader:708:12)
    at #cachedDefaultResolve (node:internal/modules/esm/loader:657:25)
    at ModuleLoader.resolve (node:internal/modules/esm/loader:640:38)
    at ModuleLoader.getModuleJobForImport (node:internal/modules/esm/loader:264:38)
    at ModuleJob._link (node:internal/modules/esm/module_job:168:49)
npm error Lifecycle script `lint` failed with error:
npm error code 2
npm error path /home/runner/work/nodetool/nodetool/electron
npm error workspace nodetool-electron@0.6.3-rc.47
npm error location /home/runner/work/nodetool/nodetool/electron
npm error command failed
npm error command sh -c eslint .
make: *** [Makefile:165: lint-electron] Error 2
