🎭 Mock mode enabled - will populate database with test data
2026-02-24 10:43:49 | WARNING | nodetool.config.environment | No environment files found - using defaults and system environment variables only
Traceback (most recent call last):
  File "/app/.venv/bin/nodetool", line 10, in <module>
    sys.exit(cli())
             ^^^^^
  File "/app/.venv/lib/python3.12/site-packages/click/core.py", line 1485, in __call__
    return self.main(*args, **kwargs)
           ^^^^^^^^^^^^^^^^^^^^^^^^^^
  File "/app/.venv/lib/python3.12/site-packages/click/core.py", line 1406, in main
    rv = self.invoke(ctx)
         ^^^^^^^^^^^^^^^^
  File "/app/.venv/lib/python3.12/site-packages/click/core.py", line 1873, in invoke
    return _process_result(sub_ctx.command.invoke(sub_ctx))
                           ^^^^^^^^^^^^^^^^^^^^^^^^^^^^^^^
  File "/app/.venv/lib/python3.12/site-packages/click/core.py", line 1269, in invoke
    return ctx.invoke(self.callback, **ctx.params)
           ^^^^^^^^^^^^^^^^^^^^^^^^^^^^^^^^^^^^^^^
  File "/app/.venv/lib/python3.12/site-packages/click/core.py", line 824, in invoke
    return callback(*args, **kwargs)
           ^^^^^^^^^^^^^^^^^^^^^^^^^
  File "/app/.venv/lib/python3.12/site-packages/nodetool/cli.py", line 1008, in serve
    app = create_app(
          ^^^^^^^^^^^
  File "/app/.venv/lib/python3.12/site-packages/nodetool/api/server.py", line 412, in create_app
    routers = _load_default_routers() if (routers is None and features.include_default_api_routers) else (routers or [])
              ^^^^^^^^^^^^^^^^^^^^^^^
  File "/app/.venv/lib/python3.12/site-packages/nodetool/api/server.py", line 213, in _load_default_routers
    from . import (
  File "/app/.venv/lib/python3.12/site-packages/nodetool/api/asset.py", line 18, in <module>
    from nodetool.models.asset import Asset as AssetModel
  File "/app/.venv/lib/python3.12/site-packages/nodetool/models/__init__.py", line 2, in <module>
    from nodetool.models.job import Job
  File "/app/.venv/lib/python3.12/site-packages/nodetool/models/job.py", line 11, in <module>
    from pydantic import field_validator
ImportError: cannot import name 'field_validator' from 'pydantic' (/app/.venv/lib/python3.12/site-packages/pydantic/__init__.cpython-312-x86_64-linux-gnu.so). Did you mean: 'root_validator'?
