web/src/components/sketch/__tests__/activeLayerTransform.test.ts(26,11): error TS2322: Type '{ x: number; y: number; scaleX: number; scaleY: number; rotation: number; }' is not assignable to type 'LayerTransform'.
  Property 'kind' is missing in type '{ x: number; y: number; scaleX: number; scaleY: number; rotation: number; }' but required in type 'AffineTransform'.
web/src/components/sketch/__tests__/activeLayerTransform.test.ts(40,5): error TS2322: Type '{ x: number; y: number; scaleX: number; scaleY: number; rotation: number; }' is not assignable to type 'LayerTransform'.
  Property 'kind' is missing in type '{ x: number; y: number; scaleX: number; scaleY: number; rotation: number; }' but required in type 'AffineTransform'.
web/src/components/sketch/__tests__/activeLayerTransform.test.ts(49,7): error TS2322: Type '{ x: number; y: number; scaleX: number; scaleY: number; rotation: number; }' is not assignable to type 'LayerTransform'.
  Property 'kind' is missing in type '{ x: number; y: number; scaleX: number; scaleY: number; rotation: number; }' but required in type 'AffineTransform'.
web/src/components/sketch/__tests__/activeLayerTransform.test.ts(63,5): error TS2322: Type '{ x: number; y: number; scaleX: number; scaleY: number; rotation: number; }' is not assignable to type 'LayerTransform'.
  Property 'kind' is missing in type '{ x: number; y: number; scaleX: number; scaleY: number; rotation: number; }' but required in type 'AffineTransform'.
web/src/components/sketch/__tests__/activeLayerTransform.test.ts(72,7): error TS2322: Type '{ x: number; y: number; scaleX: number; scaleY: number; rotation: number; }' is not assignable to type 'LayerTransform'.
  Property 'kind' is missing in type '{ x: number; y: number; scaleX: number; scaleY: number; rotation: number; }' but required in type 'AffineTransform'.
web/src/components/sketch/__tests__/activeLayerTransform.test.ts(98,11): error TS2322: Type '{ x: number; y: number; scaleX: number; scaleY: number; rotation: number; }' is not assignable to type 'LayerTransform'.
  Property 'kind' is missing in type '{ x: number; y: number; scaleX: number; scaleY: number; rotation: number; }' but required in type 'AffineTransform'.
web/src/components/sketch/__tests__/activeLayerTransform.test.ts(129,9): error TS2322: Type '{ x: number; y: number; scaleX: number; scaleY: number; rotation: number; }' is not assignable to type 'LayerTransform'.
  Property 'kind' is missing in type '{ x: number; y: number; scaleX: number; scaleY: number; rotation: number; }' but required in type 'AffineTransform'.
web/src/components/sketch/__tests__/Canvas2DRuntime.test.ts(385,28): error TS2322: Type '{ id: string; name: string; transform: { x: number; y: number; }; type: LayerType; visible: boolean; opacity: number; locked: boolean; alphaLock: boolean; blendMode: BlendMode; ... 8 more ...; effects: LayerEffect[]; }' is not assignable to type 'Layer'.
  Types of property 'transform' are incompatible.
    Type '{ x: number; y: number; }' is not assignable to type 'LayerTransform'.
      Type '{ x: number; y: number; }' is missing the following properties from type 'AffineTransform': kind, scaleX, scaleY, rotation
web/src/components/sketch/__tests__/Canvas2DRuntime.test.ts(427,7): error TS2322: Type '{ x: number; y: number; }' is not assignable to type 'LayerTransform'.
  Type '{ x: number; y: number; }' is missing the following properties from type 'AffineTransform': kind, scaleX, scaleY, rotation
web/src/components/sketch/__tests__/Canvas2DRuntime.test.ts(460,7): error TS2322: Type '{ x: number; y: number; }' is not assignable to type 'LayerTransform'.
  Type '{ x: number; y: number; }' is missing the following properties from type 'AffineTransform': kind, scaleX, scaleY, rotation
web/src/components/sketch/__tests__/Canvas2DRuntime.test.ts(587,7): error TS2322: Type '{ x: number; y: number; }' is not assignable to type 'LayerTransform'.
  Type '{ x: number; y: number; }' is missing the following properties from type 'AffineTransform': kind, scaleX, scaleY, rotation
web/src/components/sketch/__tests__/Canvas2DRuntime.test.ts(832,43): error TS2353: Object literal may only specify known properties, and 'matrix' does not exist in type 'LayerTransform'.
web/src/components/sketch/__tests__/Canvas2DRuntime.test.ts(841,39): error TS2353: Object literal may only specify known properties, and 'matrix' does not exist in type 'LayerTransform'.
web/src/components/sketch/__tests__/Canvas2DRuntime.test.ts(851,39): error TS2353: Object literal may only specify known properties, and 'matrix' does not exist in type 'LayerTransform'.
web/src/components/sketch/__tests__/Canvas2DRuntime.test.ts(979,47): error TS2353: Object literal may only specify known properties, and 'matrix' does not exist in type 'LayerTransform'.
web/src/components/sketch/__tests__/Canvas2DRuntime.test.ts(998,45): error TS2353: Object literal may only specify known properties, and 'matrix' does not exist in type 'LayerTransform'.
web/src/components/sketch/__tests__/gizmoCore.test.ts(57,23): error TS2322: Type '{ kind?: "affine" | undefined; x: number; y: number; scaleX: number; scaleY: number; rotation: number; } | { kind?: "quad" | undefined; mode?: SingleQuadMode | undefined; ... 5 more ...; rotation: number; } | { ...; }' is not assignable to type 'LayerTransform'.
  Type '{ kind?: "affine" | undefined; x: number; y: number; scaleX: number; scaleY: number; rotation: number; }' is not assignable to type 'LayerTransform'.
    Type '{ kind?: "affine" | undefined; x: number; y: number; scaleX: number; scaleY: number; rotation: number; }' is not assignable to type 'AffineTransform'.
      Types of property 'kind' are incompatible.
        Type '"affine" | undefined' is not assignable to type '"affine"'.
          Type 'undefined' is not assignable to type '"affine"'.
web/src/components/sketch/__tests__/gizmoCore.test.ts(216,20): error TS2554: Expected 6 arguments, but got 5.
web/src/components/sketch/__tests__/gizmoCore.test.ts(235,20): error TS2554: Expected 6 arguments, but got 5.
web/src/components/sketch/__tests__/gizmoCore.test.ts(745,19): error TS2339: Property 'rotation' does not exist on type 'LayerTransform'.
  Property 'rotation' does not exist on type 'SingleQuadTransform'.
web/src/components/sketch/__tests__/gizmoCore.test.ts(746,19): error TS2339: Property 'x' does not exist on type 'LayerTransform'.
  Property 'x' does not exist on type 'SingleQuadTransform'.
web/src/components/sketch/__tests__/gizmoCore.test.ts(747,19): error TS2339: Property 'y' does not exist on type 'LayerTransform'.
  Property 'y' does not exist on type 'SingleQuadTransform'.
web/src/components/sketch/__tests__/gizmoCore.test.ts(766,19): error TS2339: Property 'rotation' does not exist on type 'LayerTransform'.
  Property 'rotation' does not exist on type 'SingleQuadTransform'.
web/src/components/sketch/__tests__/gizmoCore.test.ts(768,39): error TS2339: Property 'x' does not exist on type 'LayerTransform'.
  Property 'x' does not exist on type 'SingleQuadTransform'.
web/src/components/sketch/__tests__/gizmoCore.test.ts(768,57): error TS2339: Property 'y' does not exist on type 'LayerTransform'.
  Property 'y' does not exist on type 'SingleQuadTransform'.
web/src/components/sketch/__tests__/gizmoCore.test.ts(789,31): error TS2339: Property 'x' does not exist on type 'LayerTransform'.
  Property 'x' does not exist on type 'SingleQuadTransform'.
web/src/components/sketch/__tests__/gizmoCore.test.ts(790,31): error TS2339: Property 'y' does not exist on type 'LayerTransform'.
  Property 'y' does not exist on type 'SingleQuadTransform'.
web/src/components/sketch/__tests__/helperToolSession.test.ts(125,9): error TS2353: Object literal may only specify known properties, and 'matrix' does not exist in type 'LayerTransform'.
web/src/components/sketch/__tests__/helperToolSession.test.ts(144,9): error TS2353: Object literal may only specify known properties, and 'matrix' does not exist in type 'LayerTransform'.
web/src/components/sketch/__tests__/helperToolSession.test.ts(163,9): error TS2353: Object literal may only specify known properties, and 'matrix' does not exist in type 'LayerTransform'.
web/src/components/sketch/__tests__/helperToolSession.test.ts(178,7): error TS2322: Type '{ x: number; y: number; }' is not assignable to type 'LayerTransform'.
  Type '{ x: number; y: number; }' is missing the following properties from type 'AffineTransform': kind, scaleX, scaleY, rotation
web/src/components/sketch/__tests__/helperToolSession.test.ts(212,7): error TS2353: Object literal may only specify known properties, and 'matrix' does not exist in type 'LayerTransform'.
web/src/components/sketch/__tests__/helperToolSession.test.ts(243,7): error TS2353: Object literal may only specify known properties, and 'matrix' does not exist in type 'LayerTransform'.
web/src/components/sketch/__tests__/helperToolSession.test.ts(258,7): error TS2353: Object literal may only specify known properties, and 'matrix' does not exist in type 'LayerTransform'.
web/src/components/sketch/__tests__/helperToolSession.test.ts(285,7): error TS2353: Object literal may only specify known properties, and 'matrix' does not exist in type 'LayerTransform'.
web/src/components/sketch/__tests__/historyStructureSnapshots.test.ts(47,31): error TS2345: Argument of type '(state: SketchStore) => { document: { layers: (Layer | { transform: { x: number; y: number; scaleX: number; scaleY: number; rotation: number; matrix: number[]; }; contentBounds: { ...; }; ... 15 more ...; data: string | null; })[]; ... 5 more ...; metadata: { ...; }; }; }' is not assignable to parameter of type 'SketchStore | Partial<SketchStore> | ((state: SketchStore) => SketchStore | Partial<SketchStore>)'.
  Type '(state: SketchStore) => { document: { layers: (Layer | { transform: { x: number; y: number; scaleX: number; scaleY: number; rotation: number; matrix: number[]; }; contentBounds: { ...; }; ... 15 more ...; data: string | null; })[]; ... 5 more ...; metadata: { ...; }; }; }' is not assignable to type '(state: SketchStore) => SketchStore | Partial<SketchStore>'.
    Type '{ document: { layers: (Layer | { transform: { x: number; y: number; scaleX: number; scaleY: number; rotation: number; matrix: number[]; }; contentBounds: { x: number; y: number; width: number; height: number; }; ... 15 more ...; data: string | null; })[]; ... 5 more ...; metadata: { createdAt: string; updatedAt: str...' is not assignable to type 'SketchStore | Partial<SketchStore>'.
      Type '{ document: { layers: (Layer | { transform: { x: number; y: number; scaleX: number; scaleY: number; rotation: number; matrix: number[]; }; contentBounds: { x: number; y: number; width: number; height: number; }; ... 15 more ...; data: string | null; })[]; ... 5 more ...; metadata: { createdAt: string; updatedAt: str...' is not assignable to type 'Partial<SketchStore>'.
        The types of 'document.layers' are incompatible between these types.
          Type '(Layer | { transform: { x: number; y: number; scaleX: number; scaleY: number; rotation: number; matrix: number[]; }; contentBounds: { x: number; y: number; width: number; height: number; }; exposedAsInput: false; ... 14 more ...; data: string | null; })[]' is not assignable to type 'Layer[]'.
            Type 'Layer | { transform: { x: number; y: number; scaleX: number; scaleY: number; rotation: number; matrix: number[]; }; contentBounds: { x: number; y: number; width: number; height: number; }; exposedAsInput: false; ... 14 more ...; data: string | null; }' is not assignable to type 'Layer'.
              Type '{ transform: { x: number; y: number; scaleX: number; scaleY: number; rotation: number; matrix: number[]; }; contentBounds: { x: number; y: number; width: number; height: number; }; exposedAsInput: false; exposedAsOutput: true; ... 13 more ...; data: string | null; }' is not assignable to type 'Layer'.
                Types of property 'transform' are incompatible.
                  Type '{ x: number; y: number; scaleX: number; scaleY: number; rotation: number; matrix: number[]; }' is not assignable to type 'LayerTransform'.
                    Property 'kind' is missing in type '{ x: number; y: number; scaleX: number; scaleY: number; rotation: number; matrix: number[]; }' but required in type 'AffineTransform'.
web/src/components/sketch/__tests__/historyStructureSnapshots.test.ts(702,63): error TS2345: Argument of type '{ x: number; y: number; }' is not assignable to parameter of type 'LayerTransform'.
  Type '{ x: number; y: number; }' is missing the following properties from type 'AffineTransform': kind, scaleX, scaleY, rotation
web/src/components/sketch/__tests__/historyStructureSnapshots.test.ts(790,63): error TS2345: Argument of type '{ x: number; y: number; }' is not assignable to parameter of type 'LayerTransform'.
  Type '{ x: number; y: number; }' is missing the following properties from type 'AffineTransform': kind, scaleX, scaleY, rotation
web/src/components/sketch/__tests__/invertWithSelection.test.ts(52,21): error TS2339: Property 'x' does not exist on type 'LayerTransform'.
  Property 'x' does not exist on type 'SingleQuadTransform'.
web/src/components/sketch/__tests__/invertWithSelection.test.ts(55,21): error TS2339: Property 'y' does not exist on type 'LayerTransform'.
  Property 'y' does not exist on type 'SingleQuadTransform'.
web/src/components/sketch/__tests__/moveTransformUnification.test.ts(223,20): error TS2339: Property 'scaleX' does not exist on type 'LayerTransform'.
  Property 'scaleX' does not exist on type 'SingleQuadTransform'.
web/src/components/sketch/__tests__/moveTransformUnification.test.ts(224,20): error TS2339: Property 'scaleY' does not exist on type 'LayerTransform'.
  Property 'scaleY' does not exist on type 'SingleQuadTransform'.
web/src/components/sketch/__tests__/moveTransformUnification.test.ts(225,20): error TS2339: Property 'rotation' does not exist on type 'LayerTransform'.
  Property 'rotation' does not exist on type 'SingleQuadTransform'.
web/src/components/sketch/__tests__/moveTransformUnification.test.ts(381,30): error TS2339: Property 'x' does not exist on type 'LayerTransform'.
  Property 'x' does not exist on type 'SingleQuadTransform'.
web/src/components/sketch/__tests__/moveTransformUnification.test.ts(382,30): error TS2339: Property 'y' does not exist on type 'LayerTransform'.
  Property 'y' does not exist on type 'SingleQuadTransform'.
web/src/components/sketch/__tests__/moveTransformUnification.test.ts(409,24): error TS2339: Property 'x' does not exist on type 'LayerTransform'.
  Property 'x' does not exist on type 'SingleQuadTransform'.
web/src/components/sketch/__tests__/moveTransformUnification.test.ts(410,24): error TS2339: Property 'y' does not exist on type 'LayerTransform'.
  Property 'y' does not exist on type 'SingleQuadTransform'.
web/src/components/sketch/__tests__/moveTransformUnification.test.ts(543,37): error TS2339: Property 'quad' does not exist on type 'LayerTransform'.
web/src/components/sketch/__tests__/moveTransformUnification.test.ts(546,7): error TS2322: Type '{ x: number; y: number; scaleX: number; scaleY: number; rotation: number; mode: "perspective"; quad: any; }' is not assignable to type 'LayerTransform | undefined'.
  Type '{ x: number; y: number; scaleX: number; scaleY: number; rotation: number; mode: "perspective"; quad: any; }' is not assignable to type 'AffineTransform | SingleQuadTransform'.
    Property 'kind' is missing in type '{ x: number; y: number; scaleX: number; scaleY: number; rotation: number; mode: "perspective"; quad: any; }' but required in type 'AffineTransform'.
web/src/components/sketch/__tests__/moveTransformUnification.test.ts(594,37): error TS2339: Property 'quad' does not exist on type 'LayerTransform'.
web/src/components/sketch/__tests__/moveTransformUnification.test.ts(597,7): error TS2322: Type '{ x: number; y: number; scaleX: number; scaleY: number; rotation: number; mode: "warp"; quad: any; }' is not assignable to type 'LayerTransform | undefined'.
  Type '{ x: number; y: number; scaleX: number; scaleY: number; rotation: number; mode: "warp"; quad: any; }' is not assignable to type 'AffineTransform | SingleQuadTransform'.
    Property 'kind' is missing in type '{ x: number; y: number; scaleX: number; scaleY: number; rotation: number; mode: "warp"; quad: any; }' but required in type 'AffineTransform'.
web/src/components/sketch/__tests__/paintSession.test.ts(122,7): error TS2322: Type '{ x: number; y: number; }' is not assignable to type 'LayerTransform'.
  Type '{ x: number; y: number; }' is missing the following properties from type 'AffineTransform': kind, scaleX, scaleY, rotation
web/src/components/sketch/__tests__/paintSession.test.ts(130,7): error TS2322: Type '{ x: number; y: number; }' is not assignable to type 'LayerTransform'.
  Type '{ x: number; y: number; }' is missing the following properties from type 'AffineTransform': kind, scaleX, scaleY, rotation
web/src/components/sketch/__tests__/paintSession.test.ts(138,7): error TS2322: Type '{ x: number; y: number; }' is not assignable to type 'LayerTransform'.
  Type '{ x: number; y: number; }' is missing the following properties from type 'AffineTransform': kind, scaleX, scaleY, rotation
web/src/components/sketch/__tests__/paintSession.test.ts(146,7): error TS2322: Type '{ x: number; y: number; }' is not assignable to type 'LayerTransform'.
  Type '{ x: number; y: number; }' is missing the following properties from type 'AffineTransform': kind, scaleX, scaleY, rotation
web/src/components/sketch/__tests__/paintSession.test.ts(156,30): error TS2322: Type '{ x: number; y: number; }' is not assignable to type 'LayerTransform'.
  Type '{ x: number; y: number; }' is missing the following properties from type 'AffineTransform': kind, scaleX, scaleY, rotation
web/src/components/sketch/__tests__/paintSession.test.ts(159,30): error TS2322: Type '{ x: number; y: number; }' is not assignable to type 'LayerTransform'.
  Type '{ x: number; y: number; }' is missing the following properties from type 'AffineTransform': kind, scaleX, scaleY, rotation
web/src/components/sketch/__tests__/paintSession.test.ts(162,30): error TS2322: Type '{ x: number; y: number; }' is not assignable to type 'LayerTransform'.
  Type '{ x: number; y: number; }' is missing the following properties from type 'AffineTransform': kind, scaleX, scaleY, rotation
web/src/components/sketch/__tests__/paintSession.test.ts(168,7): error TS2322: Type '{ x: number; y: number; }' is not assignable to type 'LayerTransform'.
  Type '{ x: number; y: number; }' is missing the following properties from type 'AffineTransform': kind, scaleX, scaleY, rotation
web/src/components/sketch/__tests__/paintSession.test.ts(177,7): error TS2322: Type '{ x: number; y: number; }' is not assignable to type 'LayerTransform'.
  Type '{ x: number; y: number; }' is missing the following properties from type 'AffineTransform': kind, scaleX, scaleY, rotation
web/src/components/sketch/__tests__/paintSession.test.ts(187,7): error TS2322: Type '{ x: number; y: number; }' is not assignable to type 'LayerTransform'.
  Type '{ x: number; y: number; }' is missing the following properties from type 'AffineTransform': kind, scaleX, scaleY, rotation
web/src/components/sketch/__tests__/paintSession.test.ts(664,13): error TS2322: Type '{ x: number; y: number; }' is not assignable to type 'LayerTransform'.
  Type '{ x: number; y: number; }' is missing the following properties from type 'AffineTransform': kind, scaleX, scaleY, rotation
web/src/components/sketch/__tests__/repeatTransform.test.ts(154,67): error TS2345: Argument of type '{ x: number; y: number; }' is not assignable to parameter of type 'LayerTransform'.
  Type '{ x: number; y: number; }' is missing the following properties from type 'AffineTransform': kind, scaleX, scaleY, rotation
web/src/components/sketch/__tests__/repeatTransform.test.ts(178,67): error TS2345: Argument of type '{ x: number; y: number; }' is not assignable to parameter of type 'LayerTransform'.
  Type '{ x: number; y: number; }' is missing the following properties from type 'AffineTransform': kind, scaleX, scaleY, rotation
web/src/components/sketch/__tests__/selectionFreeTransform.test.ts(91,7): error TS2345: Argument of type '{ x: number; y: number; }' is not assignable to parameter of type 'LayerTransform'.
  Type '{ x: number; y: number; }' is missing the following properties from type 'AffineTransform': kind, scaleX, scaleY, rotation
web/src/components/sketch/__tests__/serialization.test.ts(164,7): error TS2322: Type '{ x: number; y: number; }' is not assignable to type 'LayerTransform'.
  Type '{ x: number; y: number; }' is missing the following properties from type 'AffineTransform': kind, scaleX, scaleY, rotation
web/src/components/sketch/__tests__/serialization.test.ts(188,7): error TS2322: Type '{ x: number; y: number; }' is not assignable to type 'LayerTransform'.
  Type '{ x: number; y: number; }' is missing the following properties from type 'AffineTransform': kind, scaleX, scaleY, rotation
web/src/components/sketch/__tests__/serialization.test.ts(226,7): error TS2322: Type '{ x: number; y: number; }' is not assignable to type 'LayerTransform'.
  Type '{ x: number; y: number; }' is missing the following properties from type 'AffineTransform': kind, scaleX, scaleY, rotation
web/src/components/sketch/__tests__/serialization.test.ts(284,7): error TS2322: Type '{ x: number; y: number; }' is not assignable to type 'LayerTransform'.
  Type '{ x: number; y: number; }' is missing the following properties from type 'AffineTransform': kind, scaleX, scaleY, rotation
web/src/components/sketch/__tests__/serialization.test.ts(341,7): error TS2322: Type '{ x: number; y: number; }' is not assignable to type 'LayerTransform'.
  Type '{ x: number; y: number; }' is missing the following properties from type 'AffineTransform': kind, scaleX, scaleY, rotation
web/src/components/sketch/__tests__/serialization.test.ts(375,7): error TS2322: Type '{ x: number; y: number; }' is not assignable to type 'LayerTransform'.
  Type '{ x: number; y: number; }' is missing the following properties from type 'AffineTransform': kind, scaleX, scaleY, rotation
web/src/components/sketch/__tests__/sessionAndCommands.test.tsx(257,9): error TS2322: Type '{ x: number; y: number; scaleX: number; scaleY: number; rotation: number; }' is not assignable to type 'LayerTransform'.
  Property 'kind' is missing in type '{ x: number; y: number; scaleX: number; scaleY: number; rotation: number; }' but required in type 'AffineTransform'.
web/src/components/sketch/__tests__/sessionAndCommands.test.tsx(283,9): error TS2322: Type '{ x: number; y: number; scaleX: number; scaleY: number; rotation: number; }' is not assignable to type 'LayerTransform'.
  Property 'kind' is missing in type '{ x: number; y: number; scaleX: number; scaleY: number; rotation: number; }' but required in type 'AffineTransform'.
web/src/components/sketch/__tests__/sharedToolModules.test.ts(316,11): error TS2322: Type '{ x: number; y: number; }' is not assignable to type 'LayerTransform'.
  Type '{ x: number; y: number; }' is missing the following properties from type 'AffineTransform': kind, scaleX, scaleY, rotation
web/src/components/sketch/__tests__/sharedToolModules.test.ts(327,35): error TS2345: Argument of type '{ x: number; y: number; }' is not assignable to parameter of type 'LayerTransform'.
  Type '{ x: number; y: number; }' is missing the following properties from type 'AffineTransform': kind, scaleX, scaleY, rotation
web/src/components/sketch/__tests__/sharedToolModules.test.ts(329,11): error TS2322: Type '{ x: number; y: number; }' is not assignable to type 'LayerTransform'.
  Type '{ x: number; y: number; }' is missing the following properties from type 'AffineTransform': kind, scaleX, scaleY, rotation
web/src/components/sketch/__tests__/sharedToolModules.test.ts(338,25): error TS2345: Argument of type '{ x: number; y: number; }' is not assignable to parameter of type 'LayerTransform'.
  Type '{ x: number; y: number; }' is missing the following properties from type 'AffineTransform': kind, scaleX, scaleY, rotation
web/src/components/sketch/__tests__/sharedToolModules.test.ts(344,35): error TS2345: Argument of type '{ x: number; y: number; }' is not assignable to parameter of type 'LayerTransform'.
  Type '{ x: number; y: number; }' is missing the following properties from type 'AffineTransform': kind, scaleX, scaleY, rotation
web/src/components/sketch/__tests__/sharedToolModules.test.ts(345,25): error TS2345: Argument of type '{ x: number; y: number; }' is not assignable to parameter of type 'LayerTransform'.
  Type '{ x: number; y: number; }' is missing the following properties from type 'AffineTransform': kind, scaleX, scaleY, rotation
web/src/components/sketch/__tests__/sharedToolModules.test.ts(355,35): error TS2345: Argument of type '{ x: number; y: number; }' is not assignable to parameter of type 'LayerTransform'.
  Type '{ x: number; y: number; }' is missing the following properties from type 'AffineTransform': kind, scaleX, scaleY, rotation
web/src/components/sketch/__tests__/sharedToolModules.test.ts(356,25): error TS2345: Argument of type '{ x: number; y: number; }' is not assignable to parameter of type 'LayerTransform'.
  Type '{ x: number; y: number; }' is missing the following properties from type 'AffineTransform': kind, scaleX, scaleY, rotation
web/src/components/sketch/__tests__/sharedToolModules.test.ts(366,35): error TS2345: Argument of type '{ x: number; y: number; }' is not assignable to parameter of type 'LayerTransform'.
  Type '{ x: number; y: number; }' is missing the following properties from type 'AffineTransform': kind, scaleX, scaleY, rotation
web/src/components/sketch/__tests__/sharedToolModules.test.ts(376,35): error TS2345: Argument of type '{ x: number; y: number; }' is not assignable to parameter of type 'LayerTransform'.
  Type '{ x: number; y: number; }' is missing the following properties from type 'AffineTransform': kind, scaleX, scaleY, rotation
web/src/components/sketch/__tests__/sharedToolModules.test.ts(377,35): error TS2345: Argument of type '{ x: number; y: number; }' is not assignable to parameter of type 'LayerTransform'.
  Type '{ x: number; y: number; }' is missing the following properties from type 'AffineTransform': kind, scaleX, scaleY, rotation
web/src/components/sketch/__tests__/shiftLineBufferReuse.test.ts(46,5): error TS2322: Type '{ x: number; y: number; }' is not assignable to type 'LayerTransform'.
  Type '{ x: number; y: number; }' is missing the following properties from type 'AffineTransform': kind, scaleX, scaleY, rotation
web/src/components/sketch/__tests__/sketchFeaturesCoverage.test.ts(408,11): error TS2322: Type '{ x: number; y: number; }' is not assignable to type 'LayerTransform | undefined'.
  Type '{ x: number; y: number; }' is missing the following properties from type 'AffineTransform': kind, scaleX, scaleY, rotation
web/src/components/sketch/__tests__/structureOnlyHistorySnapshots.test.ts(24,9): error TS2322: Type '{ x: number; y: number; }' is not assignable to type 'LayerTransform'.
  Type '{ x: number; y: number; }' is missing the following properties from type 'AffineTransform': kind, scaleX, scaleY, rotation
web/src/components/sketch/__tests__/toolBugFixes.test.ts(236,5): error TS2322: Type '{ x: number; y: number; }' is not assignable to type 'LayerTransform'.
  Type '{ x: number; y: number; }' is missing the following properties from type 'AffineTransform': kind, scaleX, scaleY, rotation
web/src/components/sketch/__tests__/toolBugFixes.test.ts(252,5): error TS2322: Type '{ x: number; y: number; }' is not assignable to type 'LayerTransform'.
  Type '{ x: number; y: number; }' is missing the following properties from type 'AffineTransform': kind, scaleX, scaleY, rotation
web/src/components/sketch/__tests__/toolBugFixes.test.ts(266,5): error TS2322: Type '{ x: number; y: number; }' is not assignable to type 'LayerTransform'.
  Type '{ x: number; y: number; }' is missing the following properties from type 'AffineTransform': kind, scaleX, scaleY, rotation
web/src/components/sketch/__tests__/transformPreviewBoundaries.test.tsx(224,11): error TS2322: Type '{ x: number; y: number; scaleX: number; scaleY: number; rotation: number; }' is not assignable to type 'LayerTransform'.
  Property 'kind' is missing in type '{ x: number; y: number; scaleX: number; scaleY: number; rotation: number; }' but required in type 'AffineTransform'.
web/src/components/sketch/__tests__/transformPreviewBoundaries.test.tsx(256,11): error TS2322: Type '{ x: number; y: number; scaleX: number; scaleY: number; rotation: number; }' is not assignable to type 'LayerTransform'.
  Property 'kind' is missing in type '{ x: number; y: number; scaleX: number; scaleY: number; rotation: number; }' but required in type 'AffineTransform'.
web/src/components/sketch/__tests__/transformTargetSet.test.ts(36,3): error TS2322: Type '{ x: number; y: number; scaleX: number; scaleY: number; rotation: number; }' is not assignable to type 'LayerTransform'.
  Property 'kind' is missing in type '{ x: number; y: number; scaleX: number; scaleY: number; rotation: number; }' but required in type 'AffineTransform'.
web/src/components/sketch/__tests__/useHistoryActions.test.ts(21,9): error TS2322: Type '{ x: number; y: number; }' is not assignable to type 'LayerTransform'.
  Type '{ x: number; y: number; }' is missing the following properties from type 'AffineTransform': kind, scaleX, scaleY, rotation
web/src/components/sketch/__tests__/usePointerHandlers.test.tsx(150,48): error TS2322: Type '{ id: string; name: string; transform: { x: number; y: number; scaleX: number; scaleY: number; rotation: number; }; contentBounds: { x: number; y: number; width: number; height: number; }; type: LayerType; ... 12 more ...; effects: LayerEffect[]; }' is not assignable to type 'Layer'.
  Types of property 'transform' are incompatible.
    Type '{ x: number; y: number; scaleX: number; scaleY: number; rotation: number; }' is not assignable to type 'LayerTransform'.
      Property 'kind' is missing in type '{ x: number; y: number; scaleX: number; scaleY: number; rotation: number; }' but required in type 'AffineTransform'.
web/src/components/sketch/__tests__/usePointerHandlers.test.tsx(166,49): error TS2339: Property 'x' does not exist on type 'LayerTransform'.
  Property 'x' does not exist on type 'SingleQuadTransform'.
web/src/components/sketch/__tests__/usePointerHandlers.test.tsx(180,49): error TS2339: Property 'x' does not exist on type 'LayerTransform'.
  Property 'x' does not exist on type 'SingleQuadTransform'.
web/src/components/sketch/__tests__/useSketchStore.test.ts(355,62): error TS2345: Argument of type '{ x: number; y: number; }' is not assignable to parameter of type 'LayerTransform'.
  Type '{ x: number; y: number; }' is missing the following properties from type 'AffineTransform': kind, scaleX, scaleY, rotation
web/src/components/sketch/__tests__/useSketchStore.test.ts(366,62): error TS2345: Argument of type '{ x: number; y: number; }' is not assignable to parameter of type 'LayerTransform'.
  Type '{ x: number; y: number; }' is missing the following properties from type 'AffineTransform': kind, scaleX, scaleY, rotation
web/src/components/sketch/__tests__/useSketchStore.test.ts(385,65): error TS2345: Argument of type '{ x: number; y: number; }' is not assignable to parameter of type 'LayerTransform'.
  Type '{ x: number; y: number; }' is missing the following properties from type 'AffineTransform': kind, scaleX, scaleY, rotation
web/src/components/sketch/__tests__/useSketchStore.test.ts(408,62): error TS2345: Argument of type '{ x: number; y: number; }' is not assignable to parameter of type 'LayerTransform'.
  Type '{ x: number; y: number; }' is missing the following properties from type 'AffineTransform': kind, scaleX, scaleY, rotation
web/src/components/sketch/__tests__/useSketchStore.test.ts(415,62): error TS2345: Argument of type '{ x: number; y: number; }' is not assignable to parameter of type 'LayerTransform'.
  Type '{ x: number; y: number; }' is missing the following properties from type 'AffineTransform': kind, scaleX, scaleY, rotation
web/src/components/sketch/__tests__/useSketchStore.test.ts(445,62): error TS2345: Argument of type '{ x: number; y: number; }' is not assignable to parameter of type 'LayerTransform'.
  Type '{ x: number; y: number; }' is missing the following properties from type 'AffineTransform': kind, scaleX, scaleY, rotation
web/src/components/sketch/__tests__/useSketchStore.test.ts(512,62): error TS2345: Argument of type '{ x: number; y: number; }' is not assignable to parameter of type 'LayerTransform'.
  Type '{ x: number; y: number; }' is missing the following properties from type 'AffineTransform': kind, scaleX, scaleY, rotation
web/src/stores/sketch/__tests__/SketchSessionStore.autosave.test.ts(33,9): error TS2322: Type '{ x: number; y: number; }' is not assignable to type 'LayerTransform'.
  Type '{ x: number; y: number; }' is missing the following properties from type 'AffineTransform': kind, scaleX, scaleY, rotation
